<?xml version="1.0" encoding="UTF-8"?>
<!-- Generated by org.testng.reporters.JUnitXMLReporter -->
<testsuite ignored="1" hostname="Kirill" failures="0" tests="3" name="Regression1" time="0.143" errors="0" timestamp="2020-04-13T19:30:43 MSK">
  <testcase classname="com.epam.testng.tests.IsNegativeCalcTest" name="isNegativeOfLongValue" time="0.005"/>
  <testcase classname="com.epam.testng.tests.IsNegativeCalcTest" name="isNegativeOfLongValue" time="0.001"/>
  <testcase classname="com.epam.testng.tests.IsNegativeCalcTest" name="isNegativeOfLongValue" time="0.001"/>
  <testcase classname="com.epam.testng.tests.IsPositiveCalcTest" name="isPositiveOfLongValue" time="0.0">
    <ignored/>
  </testcase> <!-- isPositiveOfLongValue -->
</testsuite> <!-- Regression1 -->
